2020-03-30 15:12:49,639>>>10456---root - INFO - inside GetChoice()
2020-03-30 15:12:49,639>>>10456---root - INFO - New Search Option selected.
2020-03-30 15:13:05,602>>>10456---root - INFO - inside GetChoice()
2020-03-30 15:13:05,602>>>10456---root - WARNING - Invalid Entry.
2020-03-30 15:13:14,955>>>10456---root - INFO - inside GetChoice()
2020-03-30 15:13:14,955>>>10456---root - INFO - New Search Option selected.
2020-03-30 15:13:23,929>>>10456---urllib3.connectionpool - DEBUG - Starting new HTTP connection (1): api.openweathermap.org:80
2020-03-30 15:13:24,737>>>10456---urllib3.connectionpool - DEBUG - http://api.openweathermap.org:80 "GET /data/2.5/forecast?id=1277333&APPID=1960401d79b51d8c3be286b9463a081b HTTP/1.1" 200 14243
2020-03-30 15:16:47,270>>>10456---root - INFO - inside GetChoice()
2020-03-30 15:16:47,271>>>10456---root - INFO - Quitting the Application
2020-03-30 15:16:55,477>>>13260---root - INFO - inside GetChoice()
2020-03-30 15:16:55,478>>>13260---root - INFO - New Search Option selected.
2020-03-30 15:17:02,867>>>13260---root - ERROR - Location not present in the city_list.json
2020-03-30 15:17:10,946>>>13260---root - INFO - inside GetChoice()
2020-03-30 15:17:10,946>>>13260---root - WARNING - Invalid Entry.
2020-03-30 15:17:18,737>>>13260---root - INFO - inside GetChoice()
2020-03-30 15:17:18,738>>>13260---root - INFO - New Search Option selected.
2020-03-30 15:17:24,465>>>13260---root - INFO - Location present in the city_list.json
2020-03-30 15:17:28,530>>>13260---urllib3.connectionpool - DEBUG - Starting new HTTP connection (1): api.openweathermap.org:80
2020-03-30 15:17:34,017>>>13260---urllib3.connectionpool - DEBUG - http://api.openweathermap.org:80 "GET /data/2.5/forecast?id=1261481&APPID=1960401d79b51d8c3be286b9463a081b HTTP/1.1" 200 14249
2020-03-30 15:18:43,301>>>13260---root - INFO - inside GetChoice()
2020-03-30 15:18:43,301>>>13260---root - INFO - Quitting the Application
2020-03-30 15:18:46,705>>>20208---root - INFO - inside GetChoice()
2020-03-30 15:18:46,705>>>20208---root - INFO - New Search Option selected.
2020-03-30 15:18:52,948>>>20208---root - ERROR - Murava not present in the city_list.json
2020-03-30 15:19:47,973>>>20208---root - INFO - inside GetChoice()
2020-03-30 15:19:47,973>>>20208---root - INFO - Quitting the Application
2020-03-30 15:19:55,612>>>26504---root - INFO - inside GetChoice()
2020-03-30 15:19:55,612>>>26504---root - INFO - New Search Option selected.
2020-03-30 15:20:01,309>>>26504---root - ERROR - Ahmedabad not present in the city_list.json
2020-03-30 15:21:44,546>>>26504---root - INFO - inside GetChoice()
2020-03-30 15:21:44,546>>>26504---root - INFO - Quitting the Application
2020-03-30 15:21:52,881>>>25540---root - INFO - inside GetChoice()
2020-03-30 15:21:52,881>>>25540---root - INFO - New Search Option selected.
2020-03-30 15:22:02,861>>>25540---root - ERROR - Ahmedabad not present in the city_list.json
2020-03-30 15:22:11,657>>>25540---root - INFO - inside GetChoice()
2020-03-30 15:22:11,657>>>25540---root - WARNING - Invalid Entry.
2020-03-30 15:22:15,009>>>25540---root - INFO - inside GetChoice()
2020-03-30 15:22:15,009>>>25540---root - INFO - New Search Option selected.
2020-03-30 15:22:20,065>>>25540---root - INFO - Bangalore present in the city_list.json
2020-03-30 15:22:24,153>>>25540---urllib3.connectionpool - DEBUG - Starting new HTTP connection (1): api.openweathermap.org:80
2020-03-30 15:22:24,851>>>25540---urllib3.connectionpool - DEBUG - http://api.openweathermap.org:80 "GET /data/2.5/forecast?id=1277333&APPID=1960401d79b51d8c3be286b9463a081b HTTP/1.1" 200 14243
2020-03-30 15:23:04,758>>>25540---root - INFO - inside GetChoice()
2020-03-30 15:23:04,758>>>25540---root - INFO - Quitting the Application
2020-03-30 15:23:11,393>>>1088---root - INFO - inside GetChoice()
2020-03-30 15:23:11,393>>>1088---root - INFO - New Search Option selected.
2020-03-30 15:23:16,714>>>1088---root - ERROR - ahmedanad not present in the city_list.json
2020-05-22 15:15:04,187>>>8820---root - INFO - inside GetChoice()
2020-05-22 15:15:04,191>>>8820---root - INFO - New Search Option selected.
2020-05-22 15:15:17,494>>>8820---root - ERROR - bangalore not present in the city_list.json
2020-05-22 15:15:28,421>>>8820---root - INFO - inside GetChoice()
2020-05-22 15:15:28,421>>>8820---root - WARNING - Invalid Entry.
2020-05-22 15:15:30,972>>>8820---root - INFO - inside GetChoice()
2020-05-22 15:15:30,972>>>8820---root - INFO - New Search Option selected.
2020-05-22 15:15:36,195>>>8820---root - INFO - Bangalore present in the city_list.json
2020-05-22 15:15:40,264>>>8820---urllib3.connectionpool - DEBUG - Starting new HTTP connection (1): api.openweathermap.org:80
2020-05-22 15:15:40,456>>>8820---urllib3.connectionpool - DEBUG - http://api.openweathermap.org:80 "GET /data/2.5/forecast?id=1277333&APPID=1960401d79b51d8c3be286b9463a081b HTTP/1.1" 200 14395
2020-05-22 15:17:05,412>>>8820---root - INFO - inside GetChoice()
2020-05-22 15:17:05,412>>>8820---root - INFO - Quitting the Application
2020-07-09 11:40:10,200>>>21396---root - INFO - inside GetChoice()
2020-07-09 11:40:10,201>>>21396---root - INFO - New Search Option selected.
2020-07-09 11:41:00,744>>>4384---root - INFO - inside GetChoice()
2020-07-09 11:41:00,745>>>4384---root - INFO - New Search Option selected.
2020-07-09 11:41:15,105>>>4384---root - INFO - Bangalore present in the city_list.json
2020-07-09 11:41:19,175>>>4384---urllib3.connectionpool - DEBUG - Starting new HTTP connection (1): api.openweathermap.org:80
2020-07-09 11:41:19,391>>>4384---urllib3.connectionpool - DEBUG - http://api.openweathermap.org:80 "GET /data/2.5/forecast?id=1277333&APPID=1960401d79b51d8c3be286b9463a081b HTTP/1.1" 200 14897
2020-07-09 11:43:23,426>>>4384---root - INFO - inside GetChoice()
2020-07-09 11:43:23,427>>>4384---root - INFO - Quitting the Application
2020-07-09 11:43:28,953>>>18196---root - INFO - inside GetChoice()
2020-07-09 11:43:28,954>>>18196---root - INFO - New Search Option selected.
2020-07-09 11:43:33,627>>>18196---root - ERROR - nakhda not present in the city_list.json
2020-07-09 11:43:47,972>>>18196---root - INFO - inside GetChoice()
2020-07-09 11:43:47,972>>>18196---root - WARNING - Invalid Entry.
2020-07-09 11:43:51,479>>>18196---root - INFO - inside GetChoice()
2020-07-09 11:43:51,479>>>18196---root - INFO - New Search Option selected.
2020-07-09 11:43:55,233>>>18196---root - ERROR - bangalore not present in the city_list.json
2020-07-09 11:45:37,125>>>18196---root - INFO - inside GetChoice()
2020-07-09 11:45:37,125>>>18196---root - INFO - New Search Option selected.
2020-07-09 11:45:41,254>>>18196---root - INFO - Hyderabad present in the city_list.json
2020-07-09 11:45:45,318>>>18196---urllib3.connectionpool - DEBUG - Starting new HTTP connection (1): api.openweathermap.org:80
2020-07-09 11:45:45,471>>>18196---urllib3.connectionpool - DEBUG - http://api.openweathermap.org:80 "GET /data/2.5/forecast?id=1269843&APPID=1960401d79b51d8c3be286b9463a081b HTTP/1.1" 200 14731
2020-07-09 11:46:16,484>>>18196---root - INFO - inside GetChoice()
2020-07-09 11:46:16,484>>>18196---root - INFO - New Search Option selected.
2020-07-09 11:46:21,681>>>18196---root - ERROR - Ahmedabad not present in the city_list.json
2020-07-09 11:46:30,104>>>18196---root - INFO - inside GetChoice()
2020-07-09 11:46:30,104>>>18196---root - INFO - Quitting the Application
2020-07-09 11:56:08,713>>>18644---root - INFO - inside GetChoice()
2020-07-09 11:56:08,716>>>18644---root - INFO - New Search Option selected.
2020-07-09 11:56:13,615>>>18644---root - INFO - Bangalore present in the city_list.json
2020-07-09 11:56:17,672>>>18644---urllib3.connectionpool - DEBUG - Starting new HTTP connection (1): api.openweathermap.org:80
2020-07-09 11:56:17,897>>>18644---urllib3.connectionpool - DEBUG - http://api.openweathermap.org:80 "GET /data/2.5/forecast?id=1277333&APPID=1960401d79b51d8c3be286b9463a081b HTTP/1.1" 200 14897
2020-07-09 11:56:51,463>>>18644---root - INFO - inside GetChoice()
2020-07-09 11:56:51,463>>>18644---root - INFO - Quitting the Application
2020-08-17 12:57:58,080>>>16392---root - INFO - inside GetChoice()
2020-08-17 12:57:58,082>>>16392---root - INFO - New Search Option selected.
2020-08-17 12:58:04,529>>>16392---root - INFO - Bangalore present in the city_list.json
2020-08-17 12:58:08,612>>>16392---urllib3.connectionpool - DEBUG - Starting new HTTP connection (1): api.openweathermap.org:80
2020-08-17 12:58:08,951>>>16392---urllib3.connectionpool - DEBUG - http://api.openweathermap.org:80 "GET /data/2.5/forecast?id=1277333&APPID=1960401d79b51d8c3be286b9463a081b HTTP/1.1" 200 15774
2020-08-17 12:58:38,325>>>16392---root - INFO - inside GetChoice()
2020-08-17 12:58:38,325>>>16392---root - INFO - Quitting the Application
2020-08-17 12:58:51,645>>>19564---root - INFO - inside GetChoice()
2020-08-17 12:58:51,645>>>19564---root - INFO - New Search Option selected.
2020-08-17 12:58:55,517>>>19564---root - INFO - Bangalore present in the city_list.json
2020-08-17 12:58:59,620>>>19564---urllib3.connectionpool - DEBUG - Starting new HTTP connection (1): api.openweathermap.org:80
2020-08-17 12:59:00,009>>>19564---urllib3.connectionpool - DEBUG - http://api.openweathermap.org:80 "GET /data/2.5/forecast?id=1277333&APPID=1960401d79b51d8c3be286b9463a081b HTTP/1.1" 200 15742
2020-08-17 12:59:23,321>>>19564---root - INFO - inside GetChoice()
2020-08-17 12:59:23,321>>>19564---root - INFO - Quitting the Application
2020-10-15 11:48:05,806>>>16960---root - INFO - inside GetChoice()
2020-10-15 11:48:05,806>>>16960---root - INFO - New Search Option selected.
2020-10-15 11:48:55,230>>>16960---root - INFO - Bangalore present in the city_list.json
2020-10-15 11:48:59,341>>>16960---urllib3.connectionpool - DEBUG - Starting new HTTP connection (1): api.openweathermap.org:80
2020-10-15 11:48:59,575>>>16960---urllib3.connectionpool - DEBUG - http://api.openweathermap.org:80 "GET /data/2.5/forecast?id=1277333&APPID=1960401d79b51d8c3be286b9463a081b HTTP/1.1" 200 15846
2021-02-18 12:12:56,056>>>9932---root - INFO - inside GetChoice()
2021-02-18 12:12:56,077>>>9932---root - INFO - New Search Option selected.
2021-02-18 12:16:02,307>>>9932---root - INFO - Delhi present in the city_list.json
2021-02-18 12:16:06,423>>>9932---urllib3.connectionpool - DEBUG - Starting new HTTP connection (1): api.openweathermap.org:80
2021-02-18 12:16:06,632>>>9932---urllib3.connectionpool - DEBUG - http://api.openweathermap.org:80 "GET /data/2.5/forecast?id=1273294&APPID=1960401d79b51d8c3be286b9463a081b HTTP/1.1" 200 15274
2021-02-18 12:25:05,934>>>9932---root - INFO - inside GetChoice()
2021-02-18 12:25:05,934>>>9932---root - INFO - New Search Option selected.
2021-02-18 12:25:15,913>>>9932---root - ERROR - Bengaluru not present in the city_list.json
2021-06-01 10:21:56,816>>>13164---root - INFO - inside GetChoice()
2021-06-01 10:21:56,848>>>13164---root - INFO - New Search Option selected.
2021-06-01 10:23:28,426>>>13164---root - INFO - Bangalore present in the city_list.json
2021-06-01 10:23:32,592>>>13164---urllib3.connectionpool - DEBUG - Starting new HTTP connection (1): api.openweathermap.org:80
2021-06-01 10:23:32,740>>>13164---urllib3.connectionpool - DEBUG - http://api.openweathermap.org:80 "GET /data/2.5/forecast?id=1277333&APPID=1960401d79b51d8c3be286b9463a081b HTTP/1.1" 200 16530
2021-06-01 10:37:29,170>>>13164---root - INFO - inside GetChoice()
2021-06-01 10:37:29,170>>>13164---root - INFO - New Search Option selected.
2021-06-01 10:37:47,018>>>13164---root - INFO - Mumbai present in the city_list.json
2021-06-01 10:37:51,088>>>13164---urllib3.connectionpool - DEBUG - Starting new HTTP connection (1): api.openweathermap.org:80
2021-06-01 10:37:51,278>>>13164---urllib3.connectionpool - DEBUG - http://api.openweathermap.org:80 "GET /data/2.5/forecast?id=1275339&APPID=1960401d79b51d8c3be286b9463a081b HTTP/1.1" 200 16566
2021-06-01 10:41:42,916>>>13164---root - INFO - inside GetChoice()
2021-06-01 10:41:42,916>>>13164---root - INFO - New Search Option selected.
2021-06-01 10:41:50,750>>>13164---root - ERROR - Assam not present in the city_list.json
2021-06-01 10:42:31,607>>>13164---root - INFO - inside GetChoice()
2021-06-01 10:42:31,607>>>13164---root - INFO - Quitting the Application
2021-07-05 17:25:20,432>>>13164---root - INFO - inside GetChoice()
2021-07-05 17:25:20,457>>>13164---root - INFO - New Search Option selected.
2021-07-05 17:27:25,426>>>13164---root - INFO - Kolkata present in the city_list.json
2021-07-05 17:27:29,565>>>13164---urllib3.connectionpool - DEBUG - Starting new HTTP connection (1): api.openweathermap.org:80
2021-07-05 17:27:29,744>>>13164---urllib3.connectionpool - DEBUG - http://api.openweathermap.org:80 "GET /data/2.5/forecast?id=1275004&APPID=1960401d79b51d8c3be286b9463a081b HTTP/1.1" 200 16385
2021-07-05 17:35:33,752>>>13164---root - INFO - inside GetChoice()
2021-07-05 17:35:33,752>>>13164---root - INFO - New Search Option selected.
2021-07-05 17:36:08,580>>>13164---root - INFO - Bisalpur present in the city_list.json
2021-07-05 17:36:12,675>>>13164---urllib3.connectionpool - DEBUG - Starting new HTTP connection (1): api.openweathermap.org:80
2021-07-05 17:36:12,837>>>13164---urllib3.connectionpool - DEBUG - http://api.openweathermap.org:80 "GET /data/2.5/forecast?id=1275481&APPID=1960401d79b51d8c3be286b9463a081b HTTP/1.1" 200 16091
2021-07-05 17:36:59,302>>>13164---root - INFO - inside GetChoice()
2021-07-05 17:36:59,302>>>13164---root - INFO - Quitting the Application
2021-07-05 17:37:08,943>>>1236---root - INFO - inside GetChoice()
2021-07-05 17:37:08,944>>>1236---root - WARNING - Invalid Entry.
2021-07-05 17:37:15,028>>>1236---root - INFO - inside GetChoice()
2021-07-05 17:37:15,029>>>1236---root - INFO - New Search Option selected.
2021-07-05 17:37:18,987>>>1236---root - INFO - Kolkata present in the city_list.json
2021-07-05 17:37:23,107>>>1236---urllib3.connectionpool - DEBUG - Starting new HTTP connection (1): api.openweathermap.org:80
2021-07-05 17:37:23,249>>>1236---urllib3.connectionpool - DEBUG - http://api.openweathermap.org:80 "GET /data/2.5/forecast?id=1275004&APPID=1960401d79b51d8c3be286b9463a081b HTTP/1.1" 200 16385
2021-07-05 17:42:35,095>>>1236---root - INFO - inside GetChoice()
2021-07-05 17:42:35,095>>>1236---root - INFO - New Search Option selected.
2021-07-05 17:42:39,607>>>1236---root - INFO - Kolkata present in the city_list.json
2021-07-05 17:42:43,721>>>1236---urllib3.connectionpool - DEBUG - Starting new HTTP connection (1): api.openweathermap.org:80
2021-07-05 17:42:43,994>>>1236---urllib3.connectionpool - DEBUG - http://api.openweathermap.org:80 "GET /data/2.5/forecast?id=1275004&APPID=1960401d79b51d8c3be286b9463a081b HTTP/1.1" 200 16382
2021-07-05 17:46:59,004>>>1236---root - INFO - inside GetChoice()
2021-07-05 17:46:59,004>>>1236---root - INFO - Quitting the Application
